app/build/outputs/logs/manifest-merger-debug-report.txt
-- Merging decision tree log ---
manifest
ADDED from src\main\AndroidManifest.xml:18:1-74:12
INJECTED from src\main\AndroidManifest.xml:18:1-74:12
INJECTED from src\main\AndroidManifest.xml:18:1-74:12
INJECTED from src\main\AndroidManifest.xml:18:1-74:12
INJECTED from src\main\AndroidManifest.xml:18:1-74:12
INJECTED from src\main\AndroidManifest.xml:18:1-74:12
INJECTED from src\main\AndroidManifest.xml:18:1-74:12
	package
		ADDED from src\main\AndroidManifest.xml:19:5-39
		INJECTED from src\main\AndroidManifest.xml
		INJECTED from src\main\AndroidManifest.xml
	android:versionName
		ADDED from src\main\AndroidManifest.xml:21:5-30
		INJECTED from src\main\AndroidManifest.xml
		INJECTED from src\main\AndroidManifest.xml
	xmlns:android
		ADDED from src\main\AndroidManifest.xml:18:11-69
	android:versionCode
		ADDED from src\main\AndroidManifest.xml:20:5-28
		INJECTED from src\main\AndroidManifest.xml
		INJECTED from src\main\AndroidManifest.xml
uses-sdk
ADDED from src\main\AndroidManifest.xml:23:5-44
INJECTED from src\main\AndroidManifest.xml:23:5-44
INJECTED from src\main\AndroidManifest.xml:23:5-44
INJECTED from src\main\AndroidManifest.xml:23:5-44
INJECTED from src\main\AndroidManifest.xml:23:5-44
	android:targetSdkVersion
		INJECTED from src\main\AndroidManifest.xml
		ADDED from src\main\AndroidManifest.xml:23:5-44
		INJECTED from src\main\AndroidManifest.xml
	android:minSdkVersion
		ADDED from src\main\AndroidManifest.xml:23:15-41
		INJECTED from src\main\AndroidManifest.xml
		INJECTED from src\main\AndroidManifest.xml
uses-permission#android.permission.RECORD_AUDIO
ADDED from src\main\AndroidManifest.xml:25:5-71
	android:name
		ADDED from src\main\AndroidManifest.xml:25:22-68
uses-permission#android.permission.INTERNET
ADDED from src\main\AndroidManifest.xml:26:5-67
	android:name
		ADDED from src\main\AndroidManifest.xml:26:22-64
uses-permission#android.permission.WAKE_LOCK
ADDED from src\main\AndroidManifest.xml:27:5-68
	android:name
		ADDED from src\main\AndroidManifest.xml:27:22-65
uses-permission#android.permission.WRITE_EXTERNAL_STORAGE
ADDED from src\main\AndroidManifest.xml:28:5-81
	android:name
		ADDED from src\main\AndroidManifest.xml:28:22-78
uses-permission#android.permission.READ_PHONE_STATE
ADDED from src\main\AndroidManifest.xml:29:5-75
	android:name
		ADDED from src\main\AndroidManifest.xml:29:22-72
application
ADDED from src\main\AndroidManifest.xml:31:5-72:19
	android:label
		ADDED from src\main\AndroidManifest.xml:33:9-41
	android:icon
		ADDED from src\main\AndroidManifest.xml:32:9-59
activity#net.micode.soundrecorder.SoundRecorder
ADDED from src\main\AndroidManifest.xml:34:9-59:20
	android:screenOrientation
		ADDED from src\main\AndroidManifest.xml:38:13-49
	android:launchMode
		ADDED from src\main\AndroidManifest.xml:36:13-43
	android:configChanges
		ADDED from src\main\AndroidManifest.xml:35:13-51
	android:theme
		ADDED from src\main\AndroidManifest.xml:39:13-60
	android:name
		ADDED from src\main\AndroidManifest.xml:37:13-41
intent-filter#android.intent.action.MAIN+android.intent.category.LAUNCHER
ADDED from src\main\AndroidManifest.xml:40:13-44:29
action#android.intent.action.MAIN
ADDED from src\main\AndroidManifest.xml:41:17-69
	android:name
		ADDED from src\main\AndroidManifest.xml:41:25-66
category#android.intent.category.LAUNCHER
ADDED from src\main\AndroidManifest.xml:43:17-77
	android:name
		ADDED from src\main\AndroidManifest.xml:43:27-74
intent-filter#android.intent.action.GET_CONTENT+android.intent.category.DEFAULT+android.intent.category.OPENABLE
ADDED from src\main\AndroidManifest.xml:45:13-53:29
action#android.intent.action.GET_CONTENT
ADDED from src\main\AndroidManifest.xml:46:17-76
	android:name
		ADDED from src\main\AndroidManifest.xml:46:25-73
category#android.intent.category.DEFAULT
ADDED from src\main\AndroidManifest.xml:48:17-76
	android:name
		ADDED from src\main\AndroidManifest.xml:48:27-73
category#android.intent.category.OPENABLE
ADDED from src\main\AndroidManifest.xml:49:17-77
	android:name
		ADDED from src\main\AndroidManifest.xml:49:27-74
data
ADDED from src\main\AndroidManifest.xml:51:17-54
	android:mimeType
		ADDED from src\main\AndroidManifest.xml:51:23-51
intent-filter#android.intent.category.DEFAULT+android.provider.MediaStore.RECORD_SOUND
ADDED from src\main\AndroidManifest.xml:54:13-58:29
action#android.provider.MediaStore.RECORD_SOUND
ADDED from src\main\AndroidManifest.xml:55:17-83
	android:name
		ADDED from src\main\AndroidManifest.xml:55:25-80
activity#net.micode.soundrecorder.SoundRecorderPreferenceActivity
ADDED from src\main\AndroidManifest.xml:61:9-66:20
	android:label
		ADDED from src\main\AndroidManifest.xml:62:13-54
	android:launchMode
		ADDED from src\main\AndroidManifest.xml:63:13-43
	android:theme
		ADDED from src\main\AndroidManifest.xml:65:13-60
	android:name
		ADDED from src\main\AndroidManifest.xml:64:13-59
service#net.micode.soundrecorder.RecorderService
ADDED from src\main\AndroidManifest.xml:68:9-71:19
	android:exported
		ADDED from src\main\AndroidManifest.xml:69:13-37
	android:name
		ADDED from src\main\AndroidManifest.xml:70:13-43